[debug] [2021-09-29T14:50:42.803Z] ----------------------------------------------------------------------
[debug] [2021-09-29T14:50:42.806Z] Command:       C:\Program Files\nodejs\node.exe C:\Users\Maxwel Santana\AppData\Roaming\npm\node_modules\firebase-tools\lib\bin\firebase.js emulators:start
[debug] [2021-09-29T14:50:42.806Z] CLI Version:   9.18.0
[debug] [2021-09-29T14:50:42.806Z] Platform:      win32
[debug] [2021-09-29T14:50:42.806Z] Node Version:  v15.14.0
[debug] [2021-09-29T14:50:42.807Z] Time:          Wed Sep 29 2021 11:50:42 GMT-0300 (Horário Padrão de Brasília)
[debug] [2021-09-29T14:50:42.807Z] ----------------------------------------------------------------------
[debug] 
[debug] [2021-09-29T14:50:42.868Z] > command requires scopes: ["email","openid","https://www.googleapis.com/auth/cloudplatformprojects.readonly","https://www.googleapis.com/auth/firebase","https://www.googleapis.com/auth/cloud-platform"]
[debug] [2021-09-29T14:50:42.868Z] > authorizing via signed-in user (maxwellsant001@gmail.com)
[info] i  emulators: Starting emulators: functions, hosting {"metadata":{"emulator":{"name":"hub"},"message":"Starting emulators: functions, hosting"}}
[debug] [2021-09-29T14:50:42.957Z] [hub] writing locator at C:\Users\MAXWEL~1\AppData\Local\Temp\hub-clone-3842b.json
[warn] !  functions: The following emulators are not running, calls to these services from the Functions emulator will affect production: auth, firestore, database, pubsub, storage {"metadata":{"emulator":{"name":"functions"},"message":"The following emulators are not running, calls to these services from the Functions emulator will affect production: \u001b[1mauth, firestore, database, pubsub, storage\u001b[22m"}}
[warn] !  Your requested "node" version "14" doesn't match your global version "15" {"metadata":{"emulator":{"name":"functions"},"message":"Your requested \"node\" version \"14\" doesn't match your global version \"15\""}}
[debug] [2021-09-29T14:50:43.036Z] defaultcredentials: writing to file C:\Users\Maxwel Santana\AppData\Roaming\firebase\maxwellsant001_gmail_com_application_default_credentials.json
[debug] [2021-09-29T14:50:43.041Z] Setting GAC to C:\Users\Maxwel Santana\AppData\Roaming\firebase\maxwellsant001_gmail_com_application_default_credentials.json {"metadata":{"emulator":{"name":"functions"},"message":"Setting GAC to C:\\Users\\Maxwel Santana\\AppData\\Roaming\\firebase\\maxwellsant001_gmail_com_application_default_credentials.json"}}
[debug] [2021-09-29T14:50:43.044Z] >>> [apiv2][query] GET https://firebase.googleapis.com/v1beta1/projects/clone-3842b/adminSdkConfig [none]
[debug] [2021-09-29T14:50:43.502Z] <<< [apiv2][status] GET https://firebase.googleapis.com/v1beta1/projects/clone-3842b/adminSdkConfig 200
[debug] [2021-09-29T14:50:43.503Z] <<< [apiv2][body] GET https://firebase.googleapis.com/v1beta1/projects/clone-3842b/adminSdkConfig {"projectId":"clone-3842b","storageBucket":"clone-3842b.appspot.com"}
[debug] [2021-09-29T14:50:43.517Z] >>> [apiv2][query] GET https://firebasehosting.googleapis.com/v1beta1/projects/clone-3842b/sites 
[debug] [2021-09-29T14:50:44.485Z] <<< [apiv2][status] GET https://firebasehosting.googleapis.com/v1beta1/projects/clone-3842b/sites 200
[debug] [2021-09-29T14:50:44.485Z] <<< [apiv2][body] GET https://firebasehosting.googleapis.com/v1beta1/projects/clone-3842b/sites {"sites":[{"name":"projects/50327514768/sites/clone-3842b","defaultUrl":"https://clone-3842b.web.app","appId":"1:50327514768:web:cf052591709d1749dc7215","type":"DEFAULT_SITE"}]}
[debug] [2021-09-29T14:50:44.485Z] >>> [apiv2][query] GET https://firebase.googleapis.com/v1beta1/projects/clone-3842b/webApps/1:50327514768:web:cf052591709d1749dc7215/config [none]
[debug] [2021-09-29T14:50:45.242Z] <<< [apiv2][status] GET https://firebase.googleapis.com/v1beta1/projects/clone-3842b/webApps/1:50327514768:web:cf052591709d1749dc7215/config 200
[debug] [2021-09-29T14:50:45.242Z] <<< [apiv2][body] GET https://firebase.googleapis.com/v1beta1/projects/clone-3842b/webApps/1:50327514768:web:cf052591709d1749dc7215/config {"projectId":"clone-3842b","appId":"1:50327514768:web:cf052591709d1749dc7215","storageBucket":"clone-3842b.appspot.com","apiKey":"AIzaSyC-6D2xRg7axGKQO4YsgYlbD7r9W_TC_QA","authDomain":"clone-3842b.firebaseapp.com","messagingSenderId":"50327514768","measurementId":"G-TJC79KJH1S"}
[info] i  hosting: Serving hosting files from: build {"metadata":{"emulator":{"name":"hosting"},"message":"Serving hosting files from: \u001b[1mbuild\u001b[22m"}}
[info] +  hosting: Local server: http://localhost:5000 {"metadata":{"emulator":{"name":"hosting"},"message":"Local server: \u001b[4m\u001b[1mhttp://localhost:5000\u001b[22m\u001b[24m"}}
[debug] [2021-09-29T14:50:45.272Z] Ignoring unsupported arg: auto_download {"metadata":{"emulator":{"name":"ui"},"message":"Ignoring unsupported arg: auto_download"}}
[debug] [2021-09-29T14:50:45.274Z] Ignoring unsupported arg: port {"metadata":{"emulator":{"name":"ui"},"message":"Ignoring unsupported arg: port"}}
[debug] [2021-09-29T14:50:45.275Z] Starting Emulator UI with command {"binary":"node","args":["C:\\Users\\Maxwel Santana\\.cache\\firebase\\emulators\\ui-v1.6.3\\server.bundle.js"],"optionalArgs":[],"joinArgs":false} {"metadata":{"emulator":{"name":"ui"},"message":"Starting Emulator UI with command {\"binary\":\"node\",\"args\":[\"C:\\\\Users\\\\Maxwel Santana\\\\.cache\\\\firebase\\\\emulators\\\\ui-v1.6.3\\\\server.bundle.js\"],\"optionalArgs\":[],\"joinArgs\":false}"}}
[info] i  ui: Emulator UI logging to ui-debug.log {"metadata":{"emulator":{"name":"ui"},"message":"Emulator UI logging to \u001b[1mui-debug.log\u001b[22m"}}
[debug] [2021-09-29T14:50:45.380Z] Web / API server started at localhost:4000
 {"metadata":{"emulator":{"name":"ui"},"message":"Web / API server started at localhost:4000\n"}}
[info] i  functions: Watching "C:\Users\Maxwel Santana\Documents\DEV\React\amazon-clone\functions" for Cloud Functions... {"metadata":{"emulator":{"name":"functions"},"message":"Watching \"C:\\Users\\Maxwel Santana\\Documents\\DEV\\React\\amazon-clone\\functions\" for Cloud Functions..."}}
[debug] [2021-09-29T14:50:45.551Z] [worker-pool] addWorker(~diagnostic~) {"metadata":{"emulator":{"name":"functions"},"message":"[worker-pool] addWorker(~diagnostic~)"}}
[debug] [2021-09-29T14:50:45.551Z] [worker-pool] Adding worker with key ~diagnostic~, total=1 {"metadata":{"emulator":{"name":"functions"},"message":"[worker-pool] Adding worker with key ~diagnostic~, total=1"}}
[debug] [2021-09-29T14:50:45.551Z] [worker-pool] submitWork(triggerId=) {"metadata":{"emulator":{"name":"functions"},"message":"[worker-pool] submitWork(triggerId=)"}}
[debug] [2021-09-29T14:50:45.551Z] [worker-~diagnostic~-5661d7da-2105-47be-9fea-2b3c38624d8a]: Assigning socketPath: \\?\pipe\C:\Users\Maxwel Santana\Documents\DEV\React\amazon-clone\functions\3080 {"metadata":{"emulator":{"name":"functions"},"message":"[worker-~diagnostic~-5661d7da-2105-47be-9fea-2b3c38624d8a]: Assigning socketPath: \\\\?\\pipe\\C:\\Users\\Maxwel Santana\\Documents\\DEV\\React\\amazon-clone\\functions\\3080"}}
[debug] [2021-09-29T14:50:45.552Z] [worker-~diagnostic~-5661d7da-2105-47be-9fea-2b3c38624d8a]: BUSY {"metadata":{"emulator":{"name":"functions"},"message":"[worker-~diagnostic~-5661d7da-2105-47be-9fea-2b3c38624d8a]: BUSY"}}
[debug] [2021-09-29T14:50:45.894Z] [runtime-status] [3080] Functions runtime initialized. {"cwd":"C:\\Users\\Maxwel Santana\\Documents\\DEV\\React\\amazon-clone\\functions","node_version":"15.14.0"} {"metadata":{"emulator":{"name":"functions"},"message":"[runtime-status] [3080] Functions runtime initialized. {\"cwd\":\"C:\\\\Users\\\\Maxwel Santana\\\\Documents\\\\DEV\\\\React\\\\amazon-clone\\\\functions\",\"node_version\":\"15.14.0\"}"}}
[debug] [2021-09-29T14:50:45.894Z] [runtime-status] [3080] Disabled runtime features: undefined {"metadata":{"emulator":{"name":"functions"},"message":"[runtime-status] [3080] Disabled runtime features: undefined"}}
[debug] [2021-09-29T14:50:45.896Z] [runtime-status] [3080] Resolved module firebase-admin {"declared":true,"installed":true,"version":"9.12.0","resolution":"C:\\Users\\Maxwel Santana\\Documents\\DEV\\React\\amazon-clone\\functions\\node_modules\\firebase-admin\\lib\\index.js"} {"metadata":{"emulator":{"name":"functions"},"message":"[runtime-status] [3080] Resolved module firebase-admin {\"declared\":true,\"installed\":true,\"version\":\"9.12.0\",\"resolution\":\"C:\\\\Users\\\\Maxwel Santana\\\\Documents\\\\DEV\\\\React\\\\amazon-clone\\\\functions\\\\node_modules\\\\firebase-admin\\\\lib\\\\index.js\"}"}}
[debug] [2021-09-29T14:50:45.899Z] [runtime-status] [3080] Resolved module firebase-functions {"declared":true,"installed":true,"version":"3.15.7","resolution":"C:\\Users\\Maxwel Santana\\Documents\\DEV\\React\\amazon-clone\\functions\\node_modules\\firebase-functions\\lib\\index.js"} {"metadata":{"emulator":{"name":"functions"},"message":"[runtime-status] [3080] Resolved module firebase-functions {\"declared\":true,\"installed\":true,\"version\":\"3.15.7\",\"resolution\":\"C:\\\\Users\\\\Maxwel Santana\\\\Documents\\\\DEV\\\\React\\\\amazon-clone\\\\functions\\\\node_modules\\\\firebase-functions\\\\lib\\\\index.js\"}"}}
[debug] [2021-09-29T14:50:45.901Z] [runtime-status] [3080] Resolved module firebase-functions {"declared":true,"installed":true,"version":"3.15.7","resolution":"C:\\Users\\Maxwel Santana\\Documents\\DEV\\React\\amazon-clone\\functions\\node_modules\\firebase-functions\\lib\\index.js"} {"metadata":{"emulator":{"name":"functions"},"message":"[runtime-status] [3080] Resolved module firebase-functions {\"declared\":true,\"installed\":true,\"version\":\"3.15.7\",\"resolution\":\"C:\\\\Users\\\\Maxwel Santana\\\\Documents\\\\DEV\\\\React\\\\amazon-clone\\\\functions\\\\node_modules\\\\firebase-functions\\\\lib\\\\index.js\"}"}}
[debug] [2021-09-29T14:50:45.902Z] [runtime-status] [3080] Outgoing network have been stubbed. [{"name":"http","status":"mocked"},{"name":"http","status":"mocked"},{"name":"https","status":"mocked"},{"name":"https","status":"mocked"},{"name":"net","status":"mocked"}] {"metadata":{"emulator":{"name":"functions"},"message":"[runtime-status] [3080] Outgoing network have been stubbed. [{\"name\":\"http\",\"status\":\"mocked\"},{\"name\":\"http\",\"status\":\"mocked\"},{\"name\":\"https\",\"status\":\"mocked\"},{\"name\":\"https\",\"status\":\"mocked\"},{\"name\":\"net\",\"status\":\"mocked\"}]"}}
[debug] [2021-09-29T14:50:45.902Z] [runtime-status] [3080] Resolved module firebase-functions {"declared":true,"installed":true,"version":"3.15.7","resolution":"C:\\Users\\Maxwel Santana\\Documents\\DEV\\React\\amazon-clone\\functions\\node_modules\\firebase-functions\\lib\\index.js"} {"metadata":{"emulator":{"name":"functions"},"message":"[runtime-status] [3080] Resolved module firebase-functions {\"declared\":true,\"installed\":true,\"version\":\"3.15.7\",\"resolution\":\"C:\\\\Users\\\\Maxwel Santana\\\\Documents\\\\DEV\\\\React\\\\amazon-clone\\\\functions\\\\node_modules\\\\firebase-functions\\\\lib\\\\index.js\"}"}}
[debug] [2021-09-29T14:50:45.952Z] [runtime-status] [3080] Checked functions.config() {"config":{}} {"metadata":{"emulator":{"name":"functions"},"message":"[runtime-status] [3080] Checked functions.config() {\"config\":{}}"}}
[debug] [2021-09-29T14:50:45.952Z] [runtime-status] [3080] firebase-functions has been stubbed. {"functionsResolution":{"declared":true,"installed":true,"version":"3.15.7","resolution":"C:\\Users\\Maxwel Santana\\Documents\\DEV\\React\\amazon-clone\\functions\\node_modules\\firebase-functions\\lib\\index.js"}} {"metadata":{"emulator":{"name":"functions"},"message":"[runtime-status] [3080] firebase-functions has been stubbed. {\"functionsResolution\":{\"declared\":true,\"installed\":true,\"version\":\"3.15.7\",\"resolution\":\"C:\\\\Users\\\\Maxwel Santana\\\\Documents\\\\DEV\\\\React\\\\amazon-clone\\\\functions\\\\node_modules\\\\firebase-functions\\\\lib\\\\index.js\"}}"}}
[debug] [2021-09-29T14:50:45.952Z] [runtime-status] [3080] Resolved module firebase-functions {"declared":true,"installed":true,"version":"3.15.7","resolution":"C:\\Users\\Maxwel Santana\\Documents\\DEV\\React\\amazon-clone\\functions\\node_modules\\firebase-functions\\lib\\index.js"} {"metadata":{"emulator":{"name":"functions"},"message":"[runtime-status] [3080] Resolved module firebase-functions {\"declared\":true,\"installed\":true,\"version\":\"3.15.7\",\"resolution\":\"C:\\\\Users\\\\Maxwel Santana\\\\Documents\\\\DEV\\\\React\\\\amazon-clone\\\\functions\\\\node_modules\\\\firebase-functions\\\\lib\\\\index.js\"}"}}
[debug] [2021-09-29T14:50:45.953Z] [runtime-status] [3080] Resolved module firebase-admin {"declared":true,"installed":true,"version":"9.12.0","resolution":"C:\\Users\\Maxwel Santana\\Documents\\DEV\\React\\amazon-clone\\functions\\node_modules\\firebase-admin\\lib\\index.js"} {"metadata":{"emulator":{"name":"functions"},"message":"[runtime-status] [3080] Resolved module firebase-admin {\"declared\":true,\"installed\":true,\"version\":\"9.12.0\",\"resolution\":\"C:\\\\Users\\\\Maxwel Santana\\\\Documents\\\\DEV\\\\React\\\\amazon-clone\\\\functions\\\\node_modules\\\\firebase-admin\\\\lib\\\\index.js\"}"}}
[debug] [2021-09-29T14:50:45.954Z] [runtime-status] [3080] Resolved module firebase-functions {"declared":true,"installed":true,"version":"3.15.7","resolution":"C:\\Users\\Maxwel Santana\\Documents\\DEV\\React\\amazon-clone\\functions\\node_modules\\firebase-functions\\lib\\index.js"} {"metadata":{"emulator":{"name":"functions"},"message":"[runtime-status] [3080] Resolved module firebase-functions {\"declared\":true,\"installed\":true,\"version\":\"3.15.7\",\"resolution\":\"C:\\\\Users\\\\Maxwel Santana\\\\Documents\\\\DEV\\\\React\\\\amazon-clone\\\\functions\\\\node_modules\\\\firebase-functions\\\\lib\\\\index.js\"}"}}
[debug] [2021-09-29T14:50:45.954Z] [runtime-status] [3080] firebase-admin has been stubbed. {"adminResolution":{"declared":true,"installed":true,"version":"9.12.0","resolution":"C:\\Users\\Maxwel Santana\\Documents\\DEV\\React\\amazon-clone\\functions\\node_modules\\firebase-admin\\lib\\index.js"}} {"metadata":{"emulator":{"name":"functions"},"message":"[runtime-status] [3080] firebase-admin has been stubbed. {\"adminResolution\":{\"declared\":true,\"installed\":true,\"version\":\"9.12.0\",\"resolution\":\"C:\\\\Users\\\\Maxwel Santana\\\\Documents\\\\DEV\\\\React\\\\amazon-clone\\\\functions\\\\node_modules\\\\firebase-admin\\\\lib\\\\index.js\"}}"}}
[info] +  functions[us-central1-api]: http function initialized (http://localhost:5001/clone-3842b/us-central1/api). {"metadata":{"emulator":{"name":"functions"},"message":"\u001b[1mhttp\u001b[22m function initialized (http://localhost:5001/clone-3842b/us-central1/api)."}}
[info] 
┌─────────────────────────────────────────────────────────────┐
│ ✔  All emulators ready! It is now safe to connect your app. │
│ i  View Emulator UI at http://localhost:4000                │
└─────────────────────────────────────────────────────────────┘

┌───────────┬────────────────┬─────────────────────────────────┐
│ Emulator  │ Host:Port      │ View in Emulator UI             │
├───────────┼────────────────┼─────────────────────────────────┤
│ Functions │ localhost:5001 │ http://localhost:4000/functions │
├───────────┼────────────────┼─────────────────────────────────┤
│ Hosting   │ localhost:5000 │ n/a                             │
└───────────┴────────────────┴─────────────────────────────────┘
  Emulator Hub running at localhost:4400
  Other reserved ports: 4500

Issues? Report them at https://github.com/firebase/firebase-tools/issues and attach the *-debug.log files.
 
[debug] [2021-09-29T14:50:50.196Z] [worker-~diagnostic~-5661d7da-2105-47be-9fea-2b3c38624d8a]: IDLE {"metadata":{"emulator":{"name":"functions"},"message":"[worker-~diagnostic~-5661d7da-2105-47be-9fea-2b3c38624d8a]: IDLE"}}
[debug] [2021-09-29T14:51:04.408Z] [work-queue] {"queueLength":1,"workRunningCount":0}
[debug] [2021-09-29T14:51:04.409Z] [work-queue] {"queueLength":0,"workRunningCount":1}
[debug] [2021-09-29T14:51:04.410Z] Accepted request GET /clone-3842b/us-central1/api --> us-central1-api
[debug] [2021-09-29T14:51:04.416Z] [worker-pool] addWorker(us-central1-api) {"metadata":{"emulator":{"name":"functions"},"message":"[worker-pool] addWorker(us-central1-api)"}}
[debug] [2021-09-29T14:51:04.416Z] [worker-pool] Adding worker with key us-central1-api, total=1 {"metadata":{"emulator":{"name":"functions"},"message":"[worker-pool] Adding worker with key us-central1-api, total=1"}}
[debug] [2021-09-29T14:51:04.416Z] [worker-pool] submitWork(triggerId=us-central1-api) {"metadata":{"emulator":{"name":"functions"},"message":"[worker-pool] submitWork(triggerId=us-central1-api)"}}
[debug] [2021-09-29T14:51:04.416Z] [worker-us-central1-api-57c940a6-13e0-490c-b5c2-143263db0c88]: Assigning socketPath: \\?\pipe\C:\Users\Maxwel Santana\Documents\DEV\React\amazon-clone\functions\6328 {"metadata":{"emulator":{"name":"functions"},"message":"[worker-us-central1-api-57c940a6-13e0-490c-b5c2-143263db0c88]: Assigning socketPath: \\\\?\\pipe\\C:\\Users\\Maxwel Santana\\Documents\\DEV\\React\\amazon-clone\\functions\\6328"}}
[debug] [2021-09-29T14:51:04.416Z] [worker-us-central1-api-57c940a6-13e0-490c-b5c2-143263db0c88]: BUSY {"metadata":{"emulator":{"name":"functions"},"message":"[worker-us-central1-api-57c940a6-13e0-490c-b5c2-143263db0c88]: BUSY"}}
[debug] [2021-09-29T14:51:04.789Z] [runtime-status] [6328] Functions runtime initialized. {"cwd":"C:\\Users\\Maxwel Santana\\Documents\\DEV\\React\\amazon-clone\\functions","node_version":"15.14.0"} {"metadata":{"emulator":{"name":"functions"},"function":{"name":"us-central1-api"},"message":"[runtime-status] [6328] Functions runtime initialized. {\"cwd\":\"C:\\\\Users\\\\Maxwel Santana\\\\Documents\\\\DEV\\\\React\\\\amazon-clone\\\\functions\",\"node_version\":\"15.14.0\"}"}}
[debug] [2021-09-29T14:51:04.793Z] [runtime-status] [6328] Disabled runtime features: undefined {"metadata":{"emulator":{"name":"functions"},"function":{"name":"us-central1-api"},"message":"[runtime-status] [6328] Disabled runtime features: undefined"}}
[debug] [2021-09-29T14:51:04.796Z] [runtime-status] [6328] Resolved module firebase-admin {"declared":true,"installed":true,"version":"9.12.0","resolution":"C:\\Users\\Maxwel Santana\\Documents\\DEV\\React\\amazon-clone\\functions\\node_modules\\firebase-admin\\lib\\index.js"} {"metadata":{"emulator":{"name":"functions"},"function":{"name":"us-central1-api"},"message":"[runtime-status] [6328] Resolved module firebase-admin {\"declared\":true,\"installed\":true,\"version\":\"9.12.0\",\"resolution\":\"C:\\\\Users\\\\Maxwel Santana\\\\Documents\\\\DEV\\\\React\\\\amazon-clone\\\\functions\\\\node_modules\\\\firebase-admin\\\\lib\\\\index.js\"}"}}
[debug] [2021-09-29T14:51:04.799Z] [runtime-status] [6328] Resolved module firebase-functions {"declared":true,"installed":true,"version":"3.15.7","resolution":"C:\\Users\\Maxwel Santana\\Documents\\DEV\\React\\amazon-clone\\functions\\node_modules\\firebase-functions\\lib\\index.js"} {"metadata":{"emulator":{"name":"functions"},"function":{"name":"us-central1-api"},"message":"[runtime-status] [6328] Resolved module firebase-functions {\"declared\":true,\"installed\":true,\"version\":\"3.15.7\",\"resolution\":\"C:\\\\Users\\\\Maxwel Santana\\\\Documents\\\\DEV\\\\React\\\\amazon-clone\\\\functions\\\\node_modules\\\\firebase-functions\\\\lib\\\\index.js\"}"}}
[debug] [2021-09-29T14:51:04.801Z] [runtime-status] [6328] Resolved module firebase-functions {"declared":true,"installed":true,"version":"3.15.7","resolution":"C:\\Users\\Maxwel Santana\\Documents\\DEV\\React\\amazon-clone\\functions\\node_modules\\firebase-functions\\lib\\index.js"} {"metadata":{"emulator":{"name":"functions"},"function":{"name":"us-central1-api"},"message":"[runtime-status] [6328] Resolved module firebase-functions {\"declared\":true,\"installed\":true,\"version\":\"3.15.7\",\"resolution\":\"C:\\\\Users\\\\Maxwel Santana\\\\Documents\\\\DEV\\\\React\\\\amazon-clone\\\\functions\\\\node_modules\\\\firebase-functions\\\\lib\\\\index.js\"}"}}
[debug] [2021-09-29T14:51:04.802Z] [runtime-status] [6328] Outgoing network have been stubbed. [{"name":"http","status":"mocked"},{"name":"http","status":"mocked"},{"name":"https","status":"mocked"},{"name":"https","status":"mocked"},{"name":"net","status":"mocked"}] {"metadata":{"emulator":{"name":"functions"},"function":{"name":"us-central1-api"},"message":"[runtime-status] [6328] Outgoing network have been stubbed. [{\"name\":\"http\",\"status\":\"mocked\"},{\"name\":\"http\",\"status\":\"mocked\"},{\"name\":\"https\",\"status\":\"mocked\"},{\"name\":\"https\",\"status\":\"mocked\"},{\"name\":\"net\",\"status\":\"mocked\"}]"}}
[debug] [2021-09-29T14:51:04.802Z] [runtime-status] [6328] Resolved module firebase-functions {"declared":true,"installed":true,"version":"3.15.7","resolution":"C:\\Users\\Maxwel Santana\\Documents\\DEV\\React\\amazon-clone\\functions\\node_modules\\firebase-functions\\lib\\index.js"} {"metadata":{"emulator":{"name":"functions"},"function":{"name":"us-central1-api"},"message":"[runtime-status] [6328] Resolved module firebase-functions {\"declared\":true,\"installed\":true,\"version\":\"3.15.7\",\"resolution\":\"C:\\\\Users\\\\Maxwel Santana\\\\Documents\\\\DEV\\\\React\\\\amazon-clone\\\\functions\\\\node_modules\\\\firebase-functions\\\\lib\\\\index.js\"}"}}
[debug] [2021-09-29T14:51:04.851Z] [runtime-status] [6328] Checked functions.config() {"config":{}} {"metadata":{"emulator":{"name":"functions"},"function":{"name":"us-central1-api"},"message":"[runtime-status] [6328] Checked functions.config() {\"config\":{}}"}}
[debug] [2021-09-29T14:51:04.851Z] [runtime-status] [6328] firebase-functions has been stubbed. {"functionsResolution":{"declared":true,"installed":true,"version":"3.15.7","resolution":"C:\\Users\\Maxwel Santana\\Documents\\DEV\\React\\amazon-clone\\functions\\node_modules\\firebase-functions\\lib\\index.js"}} {"metadata":{"emulator":{"name":"functions"},"function":{"name":"us-central1-api"},"message":"[runtime-status] [6328] firebase-functions has been stubbed. {\"functionsResolution\":{\"declared\":true,\"installed\":true,\"version\":\"3.15.7\",\"resolution\":\"C:\\\\Users\\\\Maxwel Santana\\\\Documents\\\\DEV\\\\React\\\\amazon-clone\\\\functions\\\\node_modules\\\\firebase-functions\\\\lib\\\\index.js\"}}"}}
[debug] [2021-09-29T14:51:04.851Z] [runtime-status] [6328] Resolved module firebase-functions {"declared":true,"installed":true,"version":"3.15.7","resolution":"C:\\Users\\Maxwel Santana\\Documents\\DEV\\React\\amazon-clone\\functions\\node_modules\\firebase-functions\\lib\\index.js"} {"metadata":{"emulator":{"name":"functions"},"function":{"name":"us-central1-api"},"message":"[runtime-status] [6328] Resolved module firebase-functions {\"declared\":true,\"installed\":true,\"version\":\"3.15.7\",\"resolution\":\"C:\\\\Users\\\\Maxwel Santana\\\\Documents\\\\DEV\\\\React\\\\amazon-clone\\\\functions\\\\node_modules\\\\firebase-functions\\\\lib\\\\index.js\"}"}}
[debug] [2021-09-29T14:51:04.852Z] [runtime-status] [6328] Resolved module firebase-admin {"declared":true,"installed":true,"version":"9.12.0","resolution":"C:\\Users\\Maxwel Santana\\Documents\\DEV\\React\\amazon-clone\\functions\\node_modules\\firebase-admin\\lib\\index.js"} {"metadata":{"emulator":{"name":"functions"},"function":{"name":"us-central1-api"},"message":"[runtime-status] [6328] Resolved module firebase-admin {\"declared\":true,\"installed\":true,\"version\":\"9.12.0\",\"resolution\":\"C:\\\\Users\\\\Maxwel Santana\\\\Documents\\\\DEV\\\\React\\\\amazon-clone\\\\functions\\\\node_modules\\\\firebase-admin\\\\lib\\\\index.js\"}"}}
[debug] [2021-09-29T14:51:04.853Z] [runtime-status] [6328] Resolved module firebase-functions {"declared":true,"installed":true,"version":"3.15.7","resolution":"C:\\Users\\Maxwel Santana\\Documents\\DEV\\React\\amazon-clone\\functions\\node_modules\\firebase-functions\\lib\\index.js"} {"metadata":{"emulator":{"name":"functions"},"function":{"name":"us-central1-api"},"message":"[runtime-status] [6328] Resolved module firebase-functions {\"declared\":true,\"installed\":true,\"version\":\"3.15.7\",\"resolution\":\"C:\\\\Users\\\\Maxwel Santana\\\\Documents\\\\DEV\\\\React\\\\amazon-clone\\\\functions\\\\node_modules\\\\firebase-functions\\\\lib\\\\index.js\"}"}}
[debug] [2021-09-29T14:51:04.853Z] [runtime-status] [6328] firebase-admin has been stubbed. {"adminResolution":{"declared":true,"installed":true,"version":"9.12.0","resolution":"C:\\Users\\Maxwel Santana\\Documents\\DEV\\React\\amazon-clone\\functions\\node_modules\\firebase-admin\\lib\\index.js"}} {"metadata":{"emulator":{"name":"functions"},"function":{"name":"us-central1-api"},"message":"[runtime-status] [6328] firebase-admin has been stubbed. {\"adminResolution\":{\"declared\":true,\"installed\":true,\"version\":\"9.12.0\",\"resolution\":\"C:\\\\Users\\\\Maxwel Santana\\\\Documents\\\\DEV\\\\React\\\\amazon-clone\\\\functions\\\\node_modules\\\\firebase-admin\\\\lib\\\\index.js\"}}"}}
[debug] [2021-09-29T14:51:09.488Z] [runtime-status] [6328] Trigger "us-central1-api" has been found, beginning invocation! {"metadata":{"emulator":{"name":"functions"},"function":{"name":"us-central1-api"},"message":"[runtime-status] [6328] Trigger \"us-central1-api\" has been found, beginning invocation!"}}
[info] i  functions: Beginning execution of "us-central1-api" {"metadata":{"emulator":{"name":"functions"},"function":{"name":"us-central1-api"},"message":"Beginning execution of \"us-central1-api\""}}
[debug] [2021-09-29T14:51:09.492Z] [runtime-status] [6328] triggerDefinition {"httpsTrigger":{},"name":"api","entryPoint":"api","regions":["us-central1"],"region":"us-central1","id":"us-central1-api"} {"metadata":{"emulator":{"name":"functions"},"function":{"name":"us-central1-api"},"message":"[runtime-status] [6328] triggerDefinition {\"httpsTrigger\":{},\"name\":\"api\",\"entryPoint\":\"api\",\"regions\":[\"us-central1\"],\"region\":\"us-central1\",\"id\":\"us-central1-api\"}"}}
[debug] [2021-09-29T14:51:09.493Z] [runtime-status] [6328] Running us-central1-api in mode HTTPS {"metadata":{"emulator":{"name":"functions"},"function":{"name":"us-central1-api"},"message":"[runtime-status] [6328] Running us-central1-api in mode HTTPS"}}
[debug] [2021-09-29T14:51:09.494Z] [runtime-status] [6328] Attempting to listen to socketPath: \\?\pipe\C:\Users\Maxwel Santana\Documents\DEV\React\amazon-clone\functions\6328 {"metadata":{"emulator":{"name":"functions"},"function":{"name":"us-central1-api"},"message":"[runtime-status] [6328] Attempting to listen to socketPath: \\\\?\\pipe\\C:\\Users\\Maxwel Santana\\Documents\\DEV\\React\\amazon-clone\\functions\\6328"}}
[debug] [2021-09-29T14:51:09.497Z] [functions] Runtime ready! Sending request! {"metadata":{"emulator":{"name":"functions"},"message":"[functions] Runtime ready! Sending request!"}}
[debug] [2021-09-29T14:51:09.498Z] [functions] Got req.url=/clone-3842b/us-central1/api, mapping to path=/ {"metadata":{"emulator":{"name":"functions"},"message":"[functions] Got req.url=/clone-3842b/us-central1/api, mapping to path=/"}}
[debug] [2021-09-29T14:51:09.504Z] [runtime-status] [6328] Ephemeral server handling GET request {"metadata":{"emulator":{"name":"functions"},"function":{"name":"us-central1-api"},"message":"[runtime-status] [6328] Ephemeral server handling GET request"}}
[debug] [2021-09-29T14:51:09.512Z] [runtime-status] [6328] Ephemeral server survived. {"metadata":{"emulator":{"name":"functions"},"function":{"name":"us-central1-api"},"message":"[runtime-status] [6328] Ephemeral server survived."}}
[info] i  functions: Finished "us-central1-api" in ~1s {"metadata":{"emulator":{"name":"functions"},"function":{"name":"us-central1-api"},"message":"Finished \"us-central1-api\" in ~1s"}}
[debug] [2021-09-29T14:51:09.527Z] [worker-us-central1-api-57c940a6-13e0-490c-b5c2-143263db0c88]: IDLE {"metadata":{"emulator":{"name":"functions"},"message":"[worker-us-central1-api-57c940a6-13e0-490c-b5c2-143263db0c88]: IDLE"}}
[debug] [2021-09-29T14:51:09.527Z] [work-queue] {"queueLength":0,"workRunningCount":0}
